Determining if the pthread_create exist failed with the following output:
Change Dir: /home/mzuleta/TPI/MIR/cmake-build-debug/CMakeFiles/CMakeTmp

Run Build Command:"/usr/bin/make" "cmTC_fb37a/fast"
/usr/bin/make -f CMakeFiles/cmTC_fb37a.dir/build.make CMakeFiles/cmTC_fb37a.dir/build
make[1]: Entering directory '/home/mzuleta/TPI/MIR/cmake-build-debug/CMakeFiles/CMakeTmp'
Building C object CMakeFiles/cmTC_fb37a.dir/CheckSymbolExists.c.o
/usr/bin/cc    -o CMakeFiles/cmTC_fb37a.dir/CheckSymbolExists.c.o   -c /home/mzuleta/TPI/MIR/cmake-build-debug/CMakeFiles/CMakeTmp/CheckSymbolExists.c
Linking C executable cmTC_fb37a
/opt/clion-2018.2.6/bin/cmake/linux/bin/cmake -E cmake_link_script CMakeFiles/cmTC_fb37a.dir/link.txt --verbose=1
/usr/bin/cc      -rdynamic CMakeFiles/cmTC_fb37a.dir/CheckSymbolExists.c.o  -o cmTC_fb37a 
CMakeFiles/cmTC_fb37a.dir/CheckSymbolExists.c.o: In function `main':
CheckSymbolExists.c:(.text+0x1b): undefined reference to `pthread_create'
collect2: error: ld returned 1 exit status
CMakeFiles/cmTC_fb37a.dir/build.make:86: recipe for target 'cmTC_fb37a' failed
make[1]: *** [cmTC_fb37a] Error 1
make[1]: Leaving directory '/home/mzuleta/TPI/MIR/cmake-build-debug/CMakeFiles/CMakeTmp'
Makefile:121: recipe for target 'cmTC_fb37a/fast' failed
make: *** [cmTC_fb37a/fast] Error 2

File /home/mzuleta/TPI/MIR/cmake-build-debug/CMakeFiles/CMakeTmp/CheckSymbolExists.c:
/* */
#include <pthread.h>

int main(int argc, char** argv)
{
  (void)argv;
#ifndef pthread_create
  return ((int*)(&pthread_create))[argc];
#else
  (void)argc;
  return 0;
#endif
}

